2024-09-26 15:10:03 [INFO] Started polling.
2024-09-26 15:45:09 [INFO] KeyboardInterrupt received.
2024-09-26 15:45:09 [INFO] Stopped polling.
2024-09-26 15:45:09 [INFO] Started polling.
2024-09-26 15:48:54 [INFO] Started polling.
2024-09-26 18:11:51 [INFO] Started polling.
2024-09-27 04:11:15 [ERROR] A request to the Telegram API was unsuccessful. Error code: 502. Description: Bad Gateway
2024-09-27 04:11:15 [INFO] Exception occurred. Stopping.
2024-09-27 04:11:15 [INFO] Stopped polling.
2024-09-27 04:11:15 [INFO] Started polling.
2024-09-27 04:11:15 [ERROR] A request to the Telegram API was unsuccessful. Error code: 502. Description: Bad Gateway
2024-09-27 04:11:15 [INFO] Exception occurred. Stopping.
2024-09-27 04:11:15 [INFO] Stopped polling.
2024-09-27 04:11:15 [INFO] Started polling.
2024-09-27 04:11:15 [ERROR] A request to the Telegram API was unsuccessful. Error code: 502. Description: Bad Gateway
2024-09-27 04:11:15 [INFO] Exception occurred. Stopping.
2024-09-27 04:11:15 [INFO] Stopped polling.
2024-09-27 04:11:15 [INFO] Started polling.
2024-09-27 04:11:16 [ERROR] A request to the Telegram API was unsuccessful. Error code: 502. Description: Bad Gateway
2024-09-27 04:11:16 [INFO] Exception occurred. Stopping.
2024-09-27 04:11:16 [INFO] Stopped polling.
2024-09-27 04:11:16 [INFO] Started polling.
2024-09-27 04:11:16 [ERROR] A request to the Telegram API was unsuccessful. Error code: 502. Description: Bad Gateway
2024-09-27 04:11:16 [INFO] Exception occurred. Stopping.
2024-09-27 04:11:16 [INFO] Stopped polling.
2024-09-27 04:11:16 [INFO] Started polling.
2024-09-27 04:11:16 [ERROR] A request to the Telegram API was unsuccessful. Error code: 502. Description: Bad Gateway
2024-09-27 04:11:16 [INFO] Exception occurred. Stopping.
2024-09-27 04:11:16 [INFO] Stopped polling.
2024-09-27 04:11:16 [INFO] Started polling.
2024-09-27 04:11:17 [ERROR] A request to the Telegram API was unsuccessful. Error code: 502. Description: Bad Gateway
2024-09-27 04:11:17 [INFO] Exception occurred. Stopping.
2024-09-27 04:11:17 [INFO] Stopped polling.
2024-09-27 04:11:17 [INFO] Started polling.
2024-09-27 04:11:17 [ERROR] A request to the Telegram API was unsuccessful. Error code: 502. Description: Bad Gateway
2024-09-27 04:11:17 [INFO] Exception occurred. Stopping.
2024-09-27 04:11:17 [INFO] Stopped polling.
2024-09-27 04:11:17 [INFO] Started polling.
2024-09-27 04:11:17 [ERROR] A request to the Telegram API was unsuccessful. Error code: 502. Description: Bad Gateway
2024-09-27 04:11:17 [INFO] Exception occurred. Stopping.
2024-09-27 04:11:17 [INFO] Stopped polling.
2024-09-27 04:11:17 [INFO] Started polling.
2024-09-27 08:24:31 [INFO] Started polling.
2024-09-27 09:21:59 [INFO] Started polling.
2024-09-27 12:19:25 [INFO] Started polling.
2024-09-28 12:56:29 [INFO] Started polling.
2024-09-29 12:21:55 [INFO] Started polling.
2024-09-29 12:22:01 [ERROR] Неизвестная ошибка при отправке логов: A request to the Telegram API was unsuccessful. Error code: 400. Description: Bad Request: message is too long.
2024-09-29 20:26:37 [ERROR] Неизвестная ошибка при отправке логов: A request to the Telegram API was unsuccessful. Error code: 400. Description: Bad Request: text is too long.
2024-09-30 04:11:26 [ERROR] A request to the Telegram API was unsuccessful. Error code: 502. Description: Bad Gateway
2024-09-30 04:11:26 [INFO] Waiting for 0.25 seconds until retry
2024-09-30 04:11:27 [ERROR] A request to the Telegram API was unsuccessful. Error code: 502. Description: Bad Gateway
2024-09-30 04:11:27 [INFO] Waiting for 0.5 seconds until retry
2024-09-30 04:11:27 [ERROR] A request to the Telegram API was unsuccessful. Error code: 502. Description: Bad Gateway
2024-09-30 04:11:27 [INFO] Waiting for 1.0 seconds until retry
2024-09-30 04:11:28 [ERROR] A request to the Telegram API was unsuccessful. Error code: 502. Description: Bad Gateway
2024-09-30 04:11:28 [INFO] Waiting for 2.0 seconds until retry
2024-09-30 12:45:52 [INFO] Started polling.
2024-09-30 12:46:06 [ERROR] Неизвестная ошибка при отправке логов: A request to the Telegram API was unsuccessful. Error code: 400. Description: Bad Request: message is too long.
2024-09-30 13:38:27 [INFO] Started polling.
2024-09-30 15:06:59 [ERROR] Неизвестная ошибка при отправке логов: A request to the Telegram API was unsuccessful. Error code: 400. Description: Bad Request: message is too long.
2024-09-30 15:24:45 [INFO] Started polling.
2024-09-30 15:24:47 [ERROR] Неизвестная ошибка при отправке логов: A request to the Telegram API was unsuccessful. Error code: 400. Description: Bad Request: message is too long.
2024-09-30 16:31:29 [INFO] Started polling.
2024-09-30 16:31:42 [ERROR] Неизвестная ошибка при отправке логов: A request to the Telegram API was unsuccessful. Error code: 400. Description: Bad Request: message is too long.
2024-10-01 12:47:43 [INFO] Started polling.
2024-10-01 12:48:17 [ERROR] Неизвестная ошибка при отправке логов: A request to the Telegram API was unsuccessful. Error code: 400. Description: Bad Request: message is too long.
2024-10-01 13:14:26 [INFO] Started polling.
2024-10-01 13:14:35 [ERROR] Неизвестная ошибка при отправке логов: A request to the Telegram API was unsuccessful. Error code: 400. Description: Bad Request: message is too long.
2024-10-01 13:32:18 [INFO] Started polling.
2024-10-01 13:32:23 [ERROR] Неизвестная ошибка при отправке логов: A request to the Telegram API was unsuccessful. Error code: 400. Description: Bad Request: message is too long.
2024-10-01 13:48:30 [INFO] Started polling.
2024-10-01 13:48:36 [ERROR] Неизвестная ошибка при отправке логов: A request to the Telegram API was unsuccessful. Error code: 400. Description: Bad Request: message is too long.
2024-10-01 14:27:54 [INFO] Started polling.
2024-10-01 14:28:00 [ERROR] Неизвестная ошибка при отправке логов: A request to the Telegram API was unsuccessful. Error code: 400. Description: Bad Request: message is too long.
2024-10-02 00:01:01 [ERROR] Неизвестная ошибка при отправке логов: A request to the Telegram API was unsuccessful. Error code: 400. Description: Bad Request: message is too long.
2024-10-02 09:23:10 [ERROR] Неизвестная ошибка при отправке логов: A request to the Telegram API was unsuccessful. Error code: 400. Description: Bad Request: message is too long.
2024-10-02 14:43:46 [INFO] Started polling.
2024-10-02 14:43:54 [ERROR] Неизвестная ошибка при отправке логов: A request to the Telegram API was unsuccessful. Error code: 400. Description: Bad Request: text is too long.
2024-10-02 15:05:23 [INFO] Started polling.
2024-10-02 15:05:40 [ERROR] Неизвестная ошибка при отправке логов: A request to the Telegram API was unsuccessful. Error code: 400. Description: Bad Request: message is too long.
2024-10-02 21:30:05 [INFO] Started polling.
2024-10-02 21:30:17 [ERROR] Неизвестная ошибка при отправке логов: A request to the Telegram API was unsuccessful. Error code: 400. Description: Bad Request: text is too long.
2024-10-03 14:22:10 [ERROR] Неизвестная ошибка при отправке логов: A request to the Telegram API was unsuccessful. Error code: 429. Description: Too Many Requests: retry after 436.
2024-10-03 14:32:16 [ERROR] Неизвестная ошибка при отправке логов: A request to the Telegram API was unsuccessful. Error code: 429. Description: Too Many Requests: retry after 492.
2024-10-03 14:42:22 [ERROR] Неизвестная ошибка при отправке логов: A request to the Telegram API was unsuccessful. Error code: 429. Description: Too Many Requests: retry after 573.
2024-10-03 14:52:27 [ERROR] Неизвестная ошибка при отправке логов: A request to the Telegram API was unsuccessful. Error code: 429. Description: Too Many Requests: retry after 523.
2024-10-04 11:20:23 [INFO] Started polling.
2024-10-04 11:20:32 [ERROR] Неизвестная ошибка при отправке логов: A request to the Telegram API was unsuccessful. Error code: 400. Description: Bad Request: message is too long.
2024-10-04 11:49:25 [INFO] Started polling.
2024-10-04 11:52:59 [INFO] Started polling.
2024-10-04 11:55:45 [ERROR] Ошибка при отправке сообщения пользователю 808158849: A request to the Telegram API was unsuccessful. Error code: 400. Description: Bad Request: message is too long
2024-10-04 11:55:46 [ERROR] Ошибка при отправке сообщения пользователю 5649575811: A request to the Telegram API was unsuccessful. Error code: 400. Description: Bad Request: message is too long
2024-10-04 12:30:33 [INFO] Started polling.
2024-10-04 12:30:59 [ERROR] Ошибка при отправке сообщения пользователю 808158849: A request to the Telegram API was unsuccessful. Error code: 400. Description: Bad Request: message is too long
2024-10-04 12:30:59 [ERROR] Ошибка при отправке сообщения пользователю 5649575811: A request to the Telegram API was unsuccessful. Error code: 400. Description: Bad Request: message is too long
2024-10-05 04:11:01 [ERROR] A request to the Telegram API was unsuccessful. Error code: 502. Description: Bad Gateway
2024-10-05 04:11:01 [INFO] Waiting for 0.25 seconds until retry
2024-10-05 04:11:01 [ERROR] A request to the Telegram API was unsuccessful. Error code: 502. Description: Bad Gateway
2024-10-05 04:11:01 [INFO] Waiting for 0.5 seconds until retry
2024-10-05 04:11:02 [ERROR] A request to the Telegram API was unsuccessful. Error code: 502. Description: Bad Gateway
2024-10-05 04:11:02 [INFO] Waiting for 1.0 seconds until retry
2024-10-05 04:11:03 [ERROR] A request to the Telegram API was unsuccessful. Error code: 502. Description: Bad Gateway
2024-10-05 04:11:03 [INFO] Waiting for 2.0 seconds until retry
2024-10-07 04:11:22 [ERROR] A request to the Telegram API was unsuccessful. Error code: 502. Description: Bad Gateway
2024-10-07 04:11:22 [INFO] Waiting for 0.25 seconds until retry
2024-10-07 04:11:23 [ERROR] A request to the Telegram API was unsuccessful. Error code: 502. Description: Bad Gateway
2024-10-07 04:11:23 [INFO] Waiting for 0.5 seconds until retry
2024-10-07 04:11:23 [ERROR] A request to the Telegram API was unsuccessful. Error code: 502. Description: Bad Gateway
2024-10-07 04:11:23 [INFO] Waiting for 1.0 seconds until retry
2024-10-07 04:11:24 [ERROR] A request to the Telegram API was unsuccessful. Error code: 502. Description: Bad Gateway
2024-10-07 04:11:24 [INFO] Waiting for 2.0 seconds until retry
