00:07:32 DEBUG GET otvet 200
00:07:32 INFO pegas снят
00:07:34 DEBUG GET otvet 200
00:07:34 INFO Ездовое животное bear надето
00:07:34 INFO Сидим в Алкране несколько часов...
00:07:35 DEBUG GET otvet 200
00:07:37 DEBUG POST otvet 200
00:07:37 INFO Работаем 6 часов...
06:09:47 DEBUG GET otvet 200
06:09:48 DEBUG POST otvet 200
06:09:48 INFO Награда за работу принята
06:09:48 DEBUG GET otvet 200
06:09:49 DEBUG GET otvet 200
06:09:49 INFO Ездовое животное bear снято
06:09:51 DEBUG GET otvet 200
06:09:51 INFO pegas надет
06:09:52 DEBUG GET otvet 200
06:09:52 DEBUG {'travelwhere': 'GhostTown', 'travelhow': 'horse', 'travelpremium': 0}
06:09:53 DEBUG POST otvet 200
06:09:53 INFO Проверка состояния
06:09:53 INFO lupatik status <Путешествие>
06:09:53 INFO Едем из Алкран в Талфур. Ожидание 00:16:52
06:09:53 INFO Проверка состояния
06:09:53 INFO lupatik status <Путешествие>
06:26:47 DEBUG GET otvet 200
06:26:47 INFO pegas снят
06:26:49 DEBUG GET otvet 200
06:26:49 INFO Ездовое животное bear надето
06:26:49 INFO Ожидаем до 07:00
06:26:49 INFO До начала следующего цикла 00:33:10. Ожидаем...
07:00:03 DEBUG GET otvet 200
07:00:03 INFO Проверка состояния
07:00:03 INFO lupatik свободен
07:00:03 DEBUG GET otvet 200
07:00:04 INFO Проверка состояния
07:00:04 INFO lupatik свободен
07:00:06 DEBUG GET otvet 200
07:00:07 INFO Количество здоровья: 1075
07:00:07 DEBUG POST otvet 200
07:00:07 INFO Атака успешна, потрачено 0 рубинов
07:00:09 DEBUG GET otvet 200
07:00:09 INFO Проверка состояния
07:00:09 INFO lupatik status <Ожидание после миссии>
07:10:11 DEBUG GET otvet 200
07:10:12 INFO Количество здоровья: 1077
07:10:13 DEBUG POST otvet 200
07:10:13 INFO Атака успешна, потрачено 0 рубинов
07:10:14 DEBUG GET otvet 200
07:10:14 INFO Проверка состояния
07:10:14 INFO lupatik status <Ожидание после миссии>
07:20:18 DEBUG GET otvet 200
07:20:19 INFO Количество здоровья: 1079
07:20:19 DEBUG POST otvet 200
07:20:19 INFO Атака успешна, потрачено 0 рубинов
07:20:21 DEBUG GET otvet 200
07:20:21 INFO Проверка состояния
07:20:21 INFO lupatik status <Ожидание после миссии>
07:30:23 DEBUG GET otvet 200
07:30:24 INFO Количество здоровья: 1081
07:30:25 DEBUG POST otvet 200
07:30:25 INFO Атака успешна, потрачено 0 рубинов
07:30:26 DEBUG GET otvet 200
07:30:26 INFO Количество золота на руках: 12181
07:30:26 DEBUG {'silvertoDeposit': 7208}
07:30:27 DEBUG POST otvet 200
07:30:28 DEBUG GET otvet 200
07:30:28 INFO Осталось золота после казны: 4973
07:30:28 DEBUG GET otvet 200
07:30:28 INFO Проверка состояния
07:30:28 INFO lupatik status <Ожидание после миссии>
07:40:29 DEBUG GET otvet 200
07:40:30 DEBUG GET otvet 200
07:40:30 INFO Ездовое животное bear снято
07:40:32 DEBUG GET otvet 200
07:40:32 INFO pegas надет
07:40:33 DEBUG GET otvet 200
07:40:33 DEBUG {'travelwhere': 'CityOne', 'travelhow': 'horse', 'travelpremium': 0}
07:40:35 DEBUG POST otvet 200
07:40:35 INFO Проверка состояния
07:40:35 INFO lupatik status <Путешествие>
07:40:35 INFO Едем из Талфур в Алкран. Ожидание 00:16:52
07:40:35 INFO Проверка состояния
07:40:35 INFO lupatik status <Путешествие>
07:57:28 DEBUG GET otvet 200
07:57:28 INFO pegas снят
07:57:31 DEBUG GET otvet 200
07:57:31 INFO Ездовое животное bear надето
07:57:31 INFO Сидим в Алкране несколько часов...
07:57:31 INFO Запуск reduce_experience процесса...
07:57:31 INFO Ожидание 6.5 часов... Работает reduce_experience функция
07:57:31 INFO Сканирование добычи игроков...
07:57:31 DEBUG GET otvet 200
07:57:32 DEBUG GET otvet 200
07:57:33 DEBUG GET otvet 200
07:57:34 DEBUG GET otvet 200
07:57:35 DEBUG GET otvet 200
07:57:41 DEBUG GET otvet 200
07:57:42 DEBUG GET otvet 200
07:57:43 DEBUG GET otvet 200
07:57:44 DEBUG GET otvet 200
07:57:45 DEBUG GET otvet 200
07:57:46 DEBUG GET otvet 200
07:57:47 DEBUG Файл игроков успешно сохранен
07:57:47 INFO Попытка атаки на 984759
07:57:47 DEBUG GET otvet 200
07:57:47 INFO Атака 984759 произведена успешно
07:57:47 INFO Ожидание 10 мин перед следующей атакой...
08:07:31 INFO Процессу атаки осталось работать: 06:20:00
08:07:58 INFO Gotov k atake
08:07:58 DEBUG online_tracking
08:07:59 DEBUG GET otvet 200
08:08:00 INFO 982930 Tom Hardy накопил 0 [0%] серебра
08:08:00 DEBUG GET otvet 200
08:08:01 INFO 10053 -Gora- накопил 0 [0%] серебра
08:08:01 DEBUG GET otvet 200
08:08:01 INFO 979627 luntik накопил 0 [0%] серебра
08:08:02 DEBUG GET otvet 200
08:08:02 INFO 984843 Nagayna накопил 0 [0%] серебра
08:08:03 DEBUG GET otvet 200
08:08:04 INFO 984811 MOreRandom накопил 0 [0%] серебра
08:08:04 DEBUG GET otvet 200
08:08:04 INFO 984678 Saver накопил 0 [0%] серебра
08:08:05 DEBUG GET otvet 200
08:08:05 INFO 984932 Roomeer накопил 0 [0%] серебра
08:08:06 DEBUG GET otvet 200
08:08:07 INFO 1050211 KsAzAgRaX накопил 0 [0%] серебра
08:08:07 DEBUG GET otvet 200
08:08:08 INFO 984988 Sigurd накопил 0 [0%] серебра
08:08:08 DEBUG GET otvet 200
08:08:09 INFO 985002 Alexstrasza накопил 0 [0%] серебра
08:08:09 DEBUG GET otvet 200
08:08:10 INFO 982978 Nakamura Makoto накопил 0 [0%] серебра
08:08:10 INFO Попытка атаки на 17336
08:08:11 DEBUG GET otvet 200
08:08:11 INFO Атака 17336 произведена успешно
08:08:11 INFO Ожидание 10 мин перед следующей атакой...
08:17:31 INFO Процессу атаки осталось работать: 06:10:00
08:18:30 INFO Gotov k atake
08:18:30 DEBUG online_tracking
08:18:31 DEBUG GET otvet 200
08:18:31 INFO 982930 Tom Hardy накопил 0 [0%] серебра
08:18:32 DEBUG GET otvet 200
08:18:32 INFO 10053 -Gora- накопил 0 [0%] серебра
08:18:33 DEBUG GET otvet 200
08:18:34 INFO 979627 luntik накопил 0 [0%] серебра
08:18:34 DEBUG GET otvet 200
08:18:34 INFO 984843 Nagayna накопил 0 [0%] серебра
08:18:35 DEBUG GET otvet 200
08:18:36 INFO 984811 MOreRandom накопил 0 [0%] серебра
08:18:36 DEBUG GET otvet 200
08:18:37 INFO 984678 Saver накопил 0 [0%] серебра
08:18:37 DEBUG GET otvet 200
08:18:38 INFO 984932 Roomeer накопил 0 [0%] серебра
08:18:38 DEBUG GET otvet 200
08:18:39 INFO 1050211 KsAzAgRaX накопил 0 [0%] серебра
08:18:39 DEBUG GET otvet 200
08:18:40 INFO 984988 Sigurd накопил 0 [0%] серебра
08:18:40 DEBUG GET otvet 200
08:18:41 INFO 985002 Alexstrasza накопил 0 [0%] серебра
08:18:41 DEBUG GET otvet 200
08:18:42 INFO 982978 Nakamura Makoto накопил 0 [0%] серебра
08:18:42 INFO Попытка атаки на 12741
08:18:42 DEBUG GET otvet 200
08:18:42 INFO Атака 12741 произведена успешно
08:18:42 INFO Ожидание 10 мин перед следующей атакой...
08:27:31 INFO Процессу атаки осталось работать: 06:00:00
08:28:52 INFO Gotov k atake
08:28:52 DEBUG online_tracking
08:28:53 DEBUG GET otvet 200
08:28:53 INFO 982930 Tom Hardy накопил 0 [0%] серебра
08:28:54 DEBUG GET otvet 200
08:28:55 INFO 10053 -Gora- накопил 0 [0%] серебра
08:28:55 DEBUG GET otvet 200
08:28:56 INFO 979627 luntik накопил 0 [0%] серебра
08:28:56 DEBUG GET otvet 200
08:28:57 INFO 984843 Nagayna накопил 0 [0%] серебра
08:28:57 DEBUG GET otvet 200
08:28:58 INFO 984811 MOreRandom накопил 0 [0%] серебра
08:28:58 DEBUG GET otvet 200
08:28:59 INFO 984678 Saver накопил 0 [0%] серебра
08:28:59 DEBUG GET otvet 200
08:29:00 INFO 984932 Roomeer накопил 629 [20%] серебра
08:29:00 DEBUG GET otvet 200
08:29:01 INFO 1050211 KsAzAgRaX накопил 0 [0%] серебра
08:29:02 DEBUG GET otvet 200
08:29:02 INFO 984988 Sigurd накопил 0 [0%] серебра
08:29:03 DEBUG GET otvet 200
08:29:03 INFO 985002 Alexstrasza накопил 0 [0%] серебра
08:29:04 DEBUG GET otvet 200
08:29:05 INFO 982978 Nakamura Makoto накопил 0 [0%] серебра
08:29:05 INFO Попытка атаки на 9531
08:29:05 DEBUG GET otvet 200
08:29:05 INFO Атака 9531 произведена успешно
08:29:05 INFO Ожидание 10 мин перед следующей атакой...
08:37:31 INFO Процессу атаки осталось работать: 05:50:00
08:39:14 INFO Gotov k atake
08:39:14 DEBUG online_tracking
08:39:15 DEBUG GET otvet 200
08:39:15 INFO 982930 Tom Hardy накопил 0 [0%] серебра
08:39:16 DEBUG GET otvet 200
08:39:16 INFO 10053 -Gora- накопил 0 [0%] серебра
08:39:17 DEBUG GET otvet 200
08:39:18 INFO 979627 luntik накопил 0 [0%] серебра
08:39:18 DEBUG GET otvet 200
08:39:19 INFO 984843 Nagayna накопил 0 [0%] серебра
08:39:19 DEBUG GET otvet 200
08:39:20 INFO 984811 MOreRandom накопил 0 [0%] серебра
08:39:20 DEBUG GET otvet 200
08:39:20 INFO 984678 Saver накопил 0 [0%] серебра
08:39:21 DEBUG GET otvet 200
08:39:21 INFO 984932 Roomeer накопил 629 [20%] серебра
08:39:22 DEBUG GET otvet 200
08:39:22 INFO 1050211 KsAzAgRaX накопил 0 [0%] серебра
08:39:23 DEBUG GET otvet 200
08:39:23 INFO 984988 Sigurd накопил 0 [0%] серебра
08:39:24 DEBUG GET otvet 200
08:39:24 INFO 985002 Alexstrasza накопил 0 [0%] серебра
08:39:25 DEBUG GET otvet 200
08:39:25 INFO 982978 Nakamura Makoto накопил 0 [0%] серебра
08:39:25 INFO Попытка атаки на 9495
08:39:26 DEBUG GET otvet 200
08:39:26 INFO Атака 9495 произведена успешно
08:39:26 INFO Ожидание 10 мин перед следующей атакой...
08:47:31 INFO Процессу атаки осталось работать: 05:40:00
08:49:46 INFO Gotov k atake
08:49:46 DEBUG online_tracking
08:49:46 DEBUG GET otvet 200
08:49:47 INFO 982930 Tom Hardy накопил 0 [0%] серебра
08:49:47 DEBUG GET otvet 200
08:49:48 INFO 10053 -Gora- накопил 0 [0%] серебра
08:49:48 DEBUG GET otvet 200
08:49:49 INFO 979627 luntik накопил 0 [0%] серебра
08:49:50 DEBUG GET otvet 200
08:49:50 INFO 984843 Nagayna накопил 0 [0%] серебра
08:49:51 DEBUG GET otvet 200
08:49:51 INFO 984811 MOreRandom накопил 0 [0%] серебра
08:49:52 DEBUG GET otvet 200
08:49:52 INFO 984678 Saver накопил 0 [0%] серебра
08:49:53 DEBUG GET otvet 200
08:49:53 INFO 984932 Roomeer накопил 639 [21%] серебра
08:49:54 DEBUG GET otvet 200
08:49:55 INFO 1050211 KsAzAgRaX накопил 0 [0%] серебра
08:49:55 DEBUG GET otvet 200
08:49:56 INFO 984988 Sigurd накопил 0 [0%] серебра
08:49:56 DEBUG GET otvet 200
08:49:56 INFO 985002 Alexstrasza накопил 0 [0%] серебра
08:49:57 DEBUG GET otvet 200
08:49:58 INFO 982978 Nakamura Makoto накопил 0 [0%] серебра
08:49:58 INFO Попытка атаки на 1053226
08:49:58 DEBUG GET otvet 200
08:49:58 INFO Атака 1053226 произведена успешно
08:49:58 INFO Ожидание 10 мин перед следующей атакой...
